<?xml version="1.0" encoding="UTF-8"?>
<testsuite name="DailyAssessment Entity 테스트" tests="5" skipped="0" failures="0" errors="0" timestamp="2025-10-16T00:46:33.116Z" hostname="Kiui-MacBookAir.local" time="0.005">
  <properties/>
  <testcase name="점수 범위 검증 - stressScore 0~10" classname="com.beyondmedicine.domain.entity.DailyAssessmentTest" time="0.003"/>
  <testcase name="점수 범위 검증 - painScore 0~10" classname="com.beyondmedicine.domain.entity.DailyAssessmentTest" time="0.001"/>
  <testcase name="일일 검사 생성 - 모든 필드 설정" classname="com.beyondmedicine.domain.entity.DailyAssessmentTest" time="0.0"/>
  <testcase name="주차 번호 검증 - 1~6" classname="com.beyondmedicine.domain.entity.DailyAssessmentTest" time="0.0"/>
  <testcase name="점수 범위 검증 - jawFunctionScore 0~10" classname="com.beyondmedicine.domain.entity.DailyAssessmentTest" time="0.0"/>
  <system-out><![CDATA[]]></system-out>
  <system-err><![CDATA[]]></system-err>
</testsuite>
