<?xml version="1.0" encoding="UTF-8"?>
<testsuite name="WeekCalculator 테스트" tests="7" skipped="0" failures="0" errors="0" timestamp="2025-10-16T00:46:33.113Z" hostname="Kiui-MacBookAir.local" time="0.003">
  <properties/>
  <testcase name="활성화 후 14일은 3주차다 (과제 예시)" classname="com.beyondmedicine.domain.calculator.WeekCalculatorTest" time="0.001"/>
  <testcase name="활성화 후 7일은 2주차다 (D+7)" classname="com.beyondmedicine.domain.calculator.WeekCalculatorTest" time="0.0"/>
  <testcase name="활성화 후 41일은 6주차다 (D+41, 마지막 주차)" classname="com.beyondmedicine.domain.calculator.WeekCalculatorTest" time="0.0"/>
  <testcase name="평가일이 활성화일보다 이전이면 null을 반환한다" classname="com.beyondmedicine.domain.calculator.WeekCalculatorTest" time="0.001"/>
  <testcase name="활성화 후 42일(D+42)은 유효 기간 종료로 null을 반환한다" classname="com.beyondmedicine.domain.calculator.WeekCalculatorTest" time="0.0"/>
  <testcase name="활성화 당일은 1주차다 (D+0)" classname="com.beyondmedicine.domain.calculator.WeekCalculatorTest" time="0.0"/>
  <testcase name="활성화 후 6일은 1주차다 (D+6)" classname="com.beyondmedicine.domain.calculator.WeekCalculatorTest" time="0.001"/>
  <system-out><![CDATA[]]></system-out>
  <system-err><![CDATA[]]></system-err>
</testsuite>
