<?xml version="1.0" encoding="UTF-8"?>
<testsuite name="PainArea Entity 테스트" tests="4" skipped="0" failures="0" errors="0" timestamp="2025-10-16T00:46:33.121Z" hostname="Kiui-MacBookAir.local" time="0.004">
  <properties/>
  <testcase name="통증 강도 검증 - 0~10" classname="com.beyondmedicine.domain.entity.PainAreaTest" time="0.001"/>
  <testcase name="통증 부위 생성 - 부연 설명 null 가능" classname="com.beyondmedicine.domain.entity.PainAreaTest" time="0.0"/>
  <testcase name="통증 부위 생성 - 모든 필드 설정" classname="com.beyondmedicine.domain.entity.PainAreaTest" time="0.001"/>
  <testcase name="부연 설명 길이 검증 - 최대 500자" classname="com.beyondmedicine.domain.entity.PainAreaTest" time="0.002"/>
  <system-out><![CDATA[]]></system-out>
  <system-err><![CDATA[]]></system-err>
</testsuite>
