<?xml version="1.0" encoding="UTF-8"?>
<testsuite name="ChangeRateCalculator 테스트" tests="6" skipped="0" failures="0" errors="0" timestamp="2025-10-16T00:46:33.102Z" hostname="Kiui-MacBookAir.local" time="0.007">
  <properties/>
  <testcase name="통증 점수 감소 시 양수 변화율 반환 (호전)" classname="com.beyondmedicine.domain.calculator.ChangeRateCalculatorTest" time="0.004"/>
  <testcase name="이전 값이 0이면 0.0을 반환" classname="com.beyondmedicine.domain.calculator.ChangeRateCalculatorTest" time="0.0"/>
  <testcase name="턱 기능 점수 증가 시 양수 변화율 반환 (호전)" classname="com.beyondmedicine.domain.calculator.ChangeRateCalculatorTest" time="0.0"/>
  <testcase name="통증 점수 증가 시 음수 변화율 반환 (악화)" classname="com.beyondmedicine.domain.calculator.ChangeRateCalculatorTest" time="0.0"/>
  <testcase name="스트레스 점수 감소 시 양수 변화율 (과제 예시)" classname="com.beyondmedicine.domain.calculator.ChangeRateCalculatorTest" time="0.001"/>
  <testcase name="턱 기능 점수 감소 시 음수 변화율 반환 (악화)" classname="com.beyondmedicine.domain.calculator.ChangeRateCalculatorTest" time="0.0"/>
  <system-out><![CDATA[]]></system-out>
  <system-err><![CDATA[]]></system-err>
</testsuite>
