<?xml version="1.0" encoding="UTF-8"?>
<testsuite name="Prescription Entity 테스트" tests="5" skipped="0" failures="0" errors="0" timestamp="2025-10-16T00:46:33.126Z" hostname="Kiui-MacBookAir.local" time="0.001">
  <properties/>
  <testcase name="주차 번호 계산 - 활성화 전이면 null" classname="com.beyondmedicine.domain.entity.PrescriptionTest" time="0.0"/>
  <testcase name="처방 활성화 후 ACTIVE 상태" classname="com.beyondmedicine.domain.entity.PrescriptionTest" time="0.0"/>
  <testcase name="검사 수행 가능 여부 - ACTIVE 상태만 true" classname="com.beyondmedicine.domain.entity.PrescriptionTest" time="0.0"/>
  <testcase name="주차 번호 계산 - 활성화 후 가능" classname="com.beyondmedicine.domain.entity.PrescriptionTest" time="0.0"/>
  <testcase name="처방 생성 시 PENDING 상태" classname="com.beyondmedicine.domain.entity.PrescriptionTest" time="0.0"/>
  <system-out><![CDATA[]]></system-out>
  <system-err><![CDATA[]]></system-err>
</testsuite>
